ldap_url_parse_ext(ldap://localhost/)
ldap_init: trying /usr/local/etc/openldap/ldap.conf
ldap_init: using /usr/local/etc/openldap/ldap.conf
ldap_init: HOME env is /root
ldap_init: trying /root/ldaprc
ldap_init: trying /root/.ldaprc
ldap_init: trying ldaprc
ldap_init: LDAPCONF env is NULL
ldap_init: LDAPRC env is NULL
5b163643 @(#) $OpenLDAP: slapd 2.4.46 (Jun  5 2018 03:05:17) $
	root@buildserver:/root/sslvpnsource/openldap-2.4.46/servers/slapd
ldap_pvt_gethostbyname_a: host=buildserver, r=0
5b163643 daemon_init: listen on ldap:///
5b163643 daemon_init: listen on ldapi:///
5b163643 daemon_init: listen on ldaps:///
5b163643 daemon_init: 3 listeners to open...
ldap_url_parse_ext(ldap:///)
5b163643 daemon: listener initialized ldap:///
ldap_url_parse_ext(ldapi:///)
5b163643 daemon: listener initialized ldapi:///
ldap_url_parse_ext(ldaps:///)
5b163643 daemon: listener initialized ldaps:///
5b163643 daemon_init: 5 listeners opened
ldap_create
5b163643 slapd init: initiated server.
5b163643 slap_sasl_init: initialized!
5b163643 bdb_back_initialize: initialize BDB backend
5b163643 bdb_back_initialize: Berkeley DB 5.3.21: (May 11, 2012)
5b163643 hdb_back_initialize: initialize HDB backend
5b163643 hdb_back_initialize: Berkeley DB 5.3.21: (May 11, 2012)
5b163643 mdb_back_initialize: initialize MDB backend
5b163643 mdb_back_initialize: LMDB 0.9.22: (March 21, 2018)
5b163643 >>> dnPrettyNormal: <DC=support,DC=local>
5b163643 <<< dnPrettyNormal: <dc=support,dc=local>, <dc=support,dc=local>
ldap_url_parse_ext(ldap://172.16.3.100)
5b163643 >>> dnNormalize: <CN=Mohit Mahajan,CN=Users,DC=support,DC=local>
5b163643 <<< dnNormalize: <cn=mohit mahajan,cn=users,dc=support,dc=local>
5b163643 >>> dnNormalize: <cn=Subschema>
5b163643 <<< dnNormalize: <cn=subschema>
5b163643 matching_rule_use_init
5b163643     1.2.840.113556.1.4.804 (integerBitOrMatch): matchingRuleUse: ( 1.2.840.113556.1.4.804 NAME 'integerBitOrMatch' APPLIES ( supportedLDAPVersion $ entryTtl $ uidNumber $ gidNumber $ olcConcurrency $ olcConnMaxPending $ olcConnMaxPendingAuth $ olcIdleTimeout $ olcIndexSubstrIfMinLen $ olcIndexSubstrIfMaxLen $ olcIndexSubstrAnyLen $ olcIndexSubstrAnyStep $ olcIndexIntLen $ olcListenerThreads $ olcLocalSSF $ olcMaxDerefDepth $ olcReplicationInterval $ olcSockbufMaxIncoming $ olcSockbufMaxIncomingAuth $ olcThreads $ olcToolThreads $ olcWriteTimeout $ olcDbCacheFree $ olcDbCacheSize $ olcDbDNcacheSize $ olcDbIDLcacheSize $ olcDbSearchStack $ olcDbShmKey $ olcDbProtocolVersion $ olcDbConnectionPoolMax $ olcChainMaxReferralDepth $ olcDbMaxReaders $ olcDbMaxSize $ olcDbRtxnSize $ olcSpSessionlog $ mailPreferenceOption $ shadowLastChange $ shadowMin $ shadowMax $ shadowWarning $ shadowInactive $ shadowExpire $ shadowFlag $ ipServicePort $ ipProtocolNumber $ oncRpcNumber ) )
5b163643     1.2.840.113556.1.4.803 (integerBitAndMatch): matchingRuleUse: ( 1.2.840.113556.1.4.803 NAME 'integerBitAndMatch' APPLIES ( supportedLDAPVersion $ entryTtl $ uidNumber $ gidNumber $ olcConcurrency $ olcConnMaxPending $ olcConnMaxPendingAuth $ olcIdleTimeout $ olcIndexSubstrIfMinLen $ olcIndexSubstrIfMaxLen $ olcIndexSubstrAnyLen $ olcIndexSubstrAnyStep $ olcIndexIntLen $ olcListenerThreads $ olcLocalSSF $ olcMaxDerefDepth $ olcReplicationInterval $ olcSockbufMaxIncoming $ olcSockbufMaxIncomingAuth $ olcThreads $ olcToolThreads $ olcWriteTimeout $ olcDbCacheFree $ olcDbCacheSize $ olcDbDNcacheSize $ olcDbIDLcacheSize $ olcDbSearchStack $ olcDbShmKey $ olcDbProtocolVersion $ olcDbConnectionPoolMax $ olcChainMaxReferralDepth $ olcDbMaxReaders $ olcDbMaxSize $ olcDbRtxnSize $ olcSpSessionlog $ mailPreferenceOption $ shadowLastChange $ shadowMin $ shadowMax $ shadowWarning $ shadowInactive $ shadowExpire $ shadowFlag $ ipServicePort $ ipProtocolNumber $ oncRpcNumber ) )
5b163643     1.3.6.1.4.1.1466.109.114.2 (caseIgnoreIA5Match): matchingRuleUse: ( 1.3.6.1.4.1.1466.109.114.2 NAME 'caseIgnoreIA5Match' APPLIES ( altServer $ olcDbConfig $ c $ mail $ dc $ associatedDomain $ email $ aRecord $ mDRecord $ mXRecord $ nSRecord $ sOARecord $ cNAMERecord $ janetMailbox $ gecos $ homeDirectory $ loginShell $ memberUid $ memberNisNetgroup $ ipHostNumber $ ipNetworkNumber $ ipNetmaskNumber $ macAddress $ bootFile $ nisMapEntry ) )
5b163643     1.3.6.1.4.1.1466.109.114.1 (caseExactIA5Match): matchingRuleUse: ( 1.3.6.1.4.1.1466.109.114.1 NAME 'caseExactIA5Match' APPLIES ( altServer $ olcDbConfig $ c $ mail $ dc $ associatedDomain $ email $ aRecord $ mDRecord $ mXRecord $ nSRecord $ sOARecord $ cNAMERecord $ janetMailbox $ gecos $ homeDirectory $ loginShell $ memberUid $ memberNisNetgroup $ ipHostNumber $ ipNetworkNumber $ ipNetmaskNumber $ macAddress $ bootFile $ nisMapEntry ) )
5b163643     2.5.13.39 (certificateListMatch):     2.5.13.38 (certificateListExactMatch): matchingRuleUse: ( 2.5.13.38 NAME 'certificateListExactMatch' APPLIES ( authorityRevocationList $ certificateRevocationList $ deltaRevocationList ) )
5b163643     2.5.13.35 (certificateMatch):     2.5.13.34 (certificateExactMatch): matchingRuleUse: ( 2.5.13.34 NAME 'certificateExactMatch' APPLIES ( userCertificate $ cACertificate ) )
5b163643     2.5.13.30 (objectIdentifierFirstComponentMatch): matchingRuleUse: ( 2.5.13.30 NAME 'objectIdentifierFirstComponentMatch' APPLIES ( supportedControl $ supportedExtension $ supportedFeatures $ ldapSyntaxes $ supportedApplicationContext ) )
5b163643     2.5.13.29 (integerFirstComponentMatch): matchingRuleUse: ( 2.5.13.29 NAME 'integerFirstComponentMatch' APPLIES ( supportedLDAPVersion $ entryTtl $ uidNumber $ gidNumber $ olcConcurrency $ olcConnMaxPending $ olcConnMaxPendingAuth $ olcIdleTimeout $ olcIndexSubstrIfMinLen $ olcIndexSubstrIfMaxLen $ olcIndexSubstrAnyLen $ olcIndexSubstrAnyStep $ olcIndexIntLen $ olcListenerThreads $ olcLocalSSF $ olcMaxDerefDepth $ olcReplicationInterval $ olcSockbufMaxIncoming $ olcSockbufMaxIncomingAuth $ olcThreads $ olcToolThreads $ olcWriteTimeout $ olcDbCacheFree $ olcDbCacheSize $ olcDbDNcacheSize $ olcDbIDLcacheSize $ olcDbSearchStack $ olcDbShmKey $ olcDbProtocolVersion $ olcDbConnectionPoolMax $ olcChainMaxReferralDepth $ olcDbMaxReaders $ olcDbMaxSize $ olcDbRtxnSize $ olcSpSessionlog $ mailPreferenceOption $ shadowLastChange $ shadowMin $ shadowMax $ shadowWarning $ shadowInactive $ shadowExpire $ shadowFlag $ ipServicePort $ ipProtocolNumber $ oncRpcNumber ) )
5b163643     2.5.13.28 (generalizedTimeOrderingMatch): matchingRuleUse: ( 2.5.13.28 NAME 'generalizedTimeOrderingMatch' APPLIES ( createTimestamp $ modifyTimestamp ) )
5b163643     2.5.13.27 (generalizedTimeMatch): matchingRuleUse: ( 2.5.13.27 NAME 'generalizedTimeMatch' APPLIES ( createTimestamp $ modifyTimestamp ) )
5b163643     2.5.13.24 (protocolInformationMatch): matchingRuleUse: ( 2.5.13.24 NAME 'protocolInformationMatch' APPLIES protocolInformation )
5b163643     2.5.13.23 (uniqueMemberMatch): matchingRuleUse: ( 2.5.13.23 NAME 'uniqueMemberMatch' APPLIES uniqueMember )
5b163643     2.5.13.22 (presentationAddressMatch): matchingRuleUse: ( 2.5.13.22 NAME 'presentationAddressMatch' APPLIES presentationAddress )
5b163643     2.5.13.20 (telephoneNumberMatch): matchingRuleUse: ( 2.5.13.20 NAME 'telephoneNumberMatch' APPLIES ( telephoneNumber $ homePhone $ mobile $ pager ) )
5b163643     2.5.13.18 (octetStringOrderingMatch): matchingRuleUse: ( 2.5.13.18 NAME 'octetStringOrderingMatch' APPLIES ( userPassword $ olcDbCryptKey ) )
5b163643     2.5.13.17 (octetStringMatch): matchingRuleUse: ( 2.5.13.17 NAME 'octetStringMatch' APPLIES ( userPassword $ olcDbCryptKey ) )
5b163643     2.5.13.16 (bitStringMatch): matchingRuleUse: ( 2.5.13.16 NAME 'bitStringMatch' APPLIES x500UniqueIdentifier )
5b163643     2.5.13.15 (integerOrderingMatch): matchingRuleUse: ( 2.5.13.15 NAME 'integerOrderingMatch' APPLIES ( supportedLDAPVersion $ entryTtl $ uidNumber $ gidNumber $ olcConcurrency $ olcConnMaxPending $ olcConnMaxPendingAuth $ olcIdleTimeout $ olcIndexSubstrIfMinLen $ olcIndexSubstrIfMaxLen $ olcIndexSubstrAnyLen $ olcIndexSubstrAnyStep $ olcIndexIntLen $ olcListenerThreads $ olcLocalSSF $ olcMaxDerefDepth $ olcReplicationInterval $ olcSockbufMaxIncoming $ olcSockbufMaxIncomingAuth $ olcThreads $ olcToolThreads $ olcWriteTimeout $ olcDbCacheFree $ olcDbCacheSize $ olcDbDNcacheSize $ olcDbIDLcacheSize $ olcDbSearchStack $ olcDbShmKey $ olcDbProtocolVersion $ olcDbConnectionPoolMax $ olcChainMaxReferralDepth $ olcDbMaxReaders $ olcDbMaxSize $ olcDbRtxnSize $ olcSpSessionlog $ mailPreferenceOption $ shadowLastChange $ shadowMin $ shadowMax $ shadowWarning $ shadowInactive $ shadowExpire $ shadowFlag $ ipServicePort $ ipProtocolNumber $ oncRpcNumber ) )
5b163643     2.5.13.14 (integerMatch): matchingRuleUse: ( 2.5.13.14 NAME 'integerMatch' APPLIES ( supportedLDAPVersion $ entryTtl $ uidNumber $ gidNumber $ olcConcurrency $ olcConnMaxPending $ olcConnMaxPendingAuth $ olcIdleTimeout $ olcIndexSubstrIfMinLen $ olcIndexSubstrIfMaxLen $ olcIndexSubstrAnyLen $ olcIndexSubstrAnyStep $ olcIndexIntLen $ olcListenerThreads $ olcLocalSSF $ olcMaxDerefDepth $ olcReplicationInterval $ olcSockbufMaxIncoming $ olcSockbufMaxIncomingAuth $ olcThreads $ olcToolThreads $ olcWriteTimeout $ olcDbCacheFree $ olcDbCacheSize $ olcDbDNcacheSize $ olcDbIDLcacheSize $ olcDbSearchStack $ olcDbShmKey $ olcDbProtocolVersion $ olcDbConnectionPoolMax $ olcChainMaxReferralDepth $ olcDbMaxReaders $ olcDbMaxSize $ olcDbRtxnSize $ olcSpSessionlog $ mailPreferenceOption $ shadowLastChange $ shadowMin $ shadowMax $ shadowWarning $ shadowInactive $ shadowExpire $ shadowFlag $ ipServicePort $ ipProtocolNumber $ oncRpcNumber ) )
5b163643     2.5.13.13 (booleanMatch): matchingRuleUse: ( 2.5.13.13 NAME 'booleanMatch' APPLIES ( hasSubordinates $ olcAddContentAcl $ olcGentleHUP $ olcHidden $ olcLastMod $ olcMirrorMode $ olcMonitoring $ olcReadOnly $ olcReverseLookup $ olcSyncUseSubentry $ olcDbChecksum $ olcDbNoSync $ olcDbDirtyRead $ olcDbLinearIndex $ olcDbRebindAsUser $ olcDbChaseReferrals $ olcDbProxyWhoAmI $ olcDbSingleConn $ olcDbUseTemporaryConn $ olcDbSessionTrackingRequest $ olcDbNoRefs $ olcDbNoUndefFilter $ olcDbRemoveUnknownSchema $ olcChainCacheURI $ olcChainReturnError $ olcRwmNormalizeMapped $ olcRwmDropUnrequested $ olcSpNoPresent $ olcSpReloadHint ) )
5b163643     2.5.13.11 (caseIgnoreListMatch): matchingRuleUse: ( 2.5.13.11 NAME 'caseIgnoreListMatch' APPLIES ( postalAddress $ registeredAddress $ homePostalAddress ) )
5b163643     2.5.13.9 (numericStringOrderingMatch): matchingRuleUse: ( 2.5.13.9 NAME 'numericStringOrderingMatch' APPLIES ( x121Address $ internationaliSDNNumber ) )
5b163643     2.5.13.8 (numericStringMatch): matchingRuleUse: ( 2.5.13.8 NAME 'numericStringMatch' APPLIES ( x121Address $ internationaliSDNNumber ) )
5b163643     2.5.13.7 (caseExactSubstringsMatch): matchingRuleUse: ( 2.5.13.7 NAME 'caseExactSubstringsMatch' APPLIES ( serialNumber $ c $ telephoneNumber $ destinationIndicator $ dnQualifier $ homePhone $ mobile $ pager ) )
5b163643     2.5.13.6 (caseExactOrderingMatch): matchingRuleUse: ( 2.5.13.6 NAME 'caseExactOrderingMatch' APPLIES ( supportedSASLMechanisms $ vendorName $ vendorVersion $ ref $ name $ cn $ uid $ labeledURI $ description $ olcConfigFile $ olcConfigDir $ olcAccess $ olcAllows $ olcArgsFile $ olcAttributeOptions $ olcAttributeTypes $ olcAuthIDRewrite $ olcAuthzPolicy $ olcAuthzRegexp $ olcBackend $ olcDatabase $ olcDisallows $ olcDitContentRules $ olcExtraAttrs $ olcInclude $ olcLdapSyntaxes $ olcLimits $ olcLogFile $ olcLogLevel $ olcModuleLoad $ olcModulePath $ olcObjectClasses $ olcObjectIdentifier $ olcOverlay $ olcPasswordCryptSaltFormat $ olcPasswordHash $ olcPidFile $ olcPlugin $ olcPluginLogFile $ olcReferral $ olcReplica $ olcReplicaArgsFile $ olcReplicaPidFile $ olcReplogFile $ olcRequires $ olcRestrict $ olcRootDSE $ olcRootPW $ olcSaslAuxprops $ olcSaslHost $ olcSaslRealm $ olcSaslSecProps $ olcSecurity $ olcServerID $ olcSizeLimit $ olcSortVals $ olcSubordinate $ olcSyncrepl $ olcTCPBuffer $ olcTimeLimit $ olcTLSCACertificateFile $ olcTLSCACertificatePath $ olcTLSCertificateFile $ olcTLSCertificateKeyFile $ olcTLSCipherSuite $ olcTLSCRLCheck $ olcTLSCRLFile $ olcTLSRandFile $ olcTLSVerifyClient $ olcTLSDHParamFile $ olcTLSProtocolMin $ olcUpdateRef $ olcDbDirectory $ olcDbCheckpoint $ olcDbCryptFile $ olcDbPageSize $ olcDbIndex $ olcDbLockDetect $ olcDbMode $ olcDbURI $ olcDbStartTLS $ olcDbACLPasswd $ olcDbACLBind $ olcDbIDAssertPasswd $ olcDbIDAssertBind $ olcDbIDAssertMode $ olcDbIDAssertAuthzFrom $ olcDbTFSupport $ olcDbTimeout $ olcDbIdleTimeout $ olcDbConnTtl $ olcDbNetworkTimeout $ olcDbCancel $ olcDbQuarantine $ olcDbOnErr $ olcDbIDAssertPassThru $ olcDbKeepalive $ olcChainingBehavior $ olcDbEnvFlags $ olcRwmRewrite $ olcRwmTFSupport $ olcRwmMap $ olcSpCheckpoint $ knowledgeInformation $ sn $ serialNumber $ c $ l $ st $ street $ o $ ou $ title $ businessCategory $ postalCode $ postOfficeBox $ physicalDeliveryOfficeName $ telephoneNumber $ destinationIndicator $ givenName $ initials $ generationQualifier $ dnQualifier $ houseIdentifier $ dmdName $ pseudonym $ textEncodedORAddress $ info $ drink $ roomNumber $ userClass $ host $ documentIdentifier $ documentTitle $ documentVersion $ documentLocation $ homePhone $ personalTitle $ mobile $ pager $ co $ uniqueIdentifier $ organizationalStatus $ buildingName $ documentPublisher $ ipServiceProtocol $ nisMapName $ carLicense $ departmentNumber $ displayName $ employeeNumber $ employeeType $ preferredLanguage ) )
5b163643     2.5.13.5 (caseExactMatch): matchingRuleUse: ( 2.5.13.5 NAME 'caseExactMatch' APPLIES ( supportedSASLMechanisms $ vendorName $ vendorVersion $ ref $ name $ cn $ uid $ labeledURI $ description $ olcConfigFile $ olcConfigDir $ olcAccess $ olcAllows $ olcArgsFile $ olcAttributeOptions $ olcAttributeTypes $ olcAuthIDRewrite $ olcAuthzPolicy $ olcAuthzRegexp $ olcBackend $ olcDatabase $ olcDisallows $ olcDitContentRules $ olcExtraAttrs $ olcInclude $ olcLdapSyntaxes $ olcLimits $ olcLogFile $ olcLogLevel $ olcModuleLoad $ olcModulePath $ olcObjectClasses $ olcObjectIdentifier $ olcOverlay $ olcPasswordCryptSaltFormat $ olcPasswordHash $ olcPidFile $ olcPlugin $ olcPluginLogFile $ olcReferral $ olcReplica $ olcReplicaArgsFile $ olcReplicaPidFile $ olcReplogFile $ olcRequires $ olcRestrict $ olcRootDSE $ olcRootPW $ olcSaslAuxprops $ olcSaslHost $ olcSaslRealm $ olcSaslSecProps $ olcSecurity $ olcServerID $ olcSizeLimit $ olcSortVals $ olcSubordinate $ olcSyncrepl $ olcTCPBuffer $ olcTimeLimit $ olcTLSCACertificateFile $ olcTLSCACertificatePath $ olcTLSCertificateFile $ olcTLSCertificateKeyFile $ olcTLSCipherSuite $ olcTLSCRLCheck $ olcTLSCRLFile $ olcTLSRandFile $ olcTLSVerifyClient $ olcTLSDHParamFile $ olcTLSProtocolMin $ olcUpdateRef $ olcDbDirectory $ olcDbCheckpoint $ olcDbCryptFile $ olcDbPageSize $ olcDbIndex $ olcDbLockDetect $ olcDbMode $ olcDbURI $ olcDbStartTLS $ olcDbACLPasswd $ olcDbACLBind $ olcDbIDAssertPasswd $ olcDbIDAssertBind $ olcDbIDAssertMode $ olcDbIDAssertAuthzFrom $ olcDbTFSupport $ olcDbTimeout $ olcDbIdleTimeout $ olcDbConnTtl $ olcDbNetworkTimeout $ olcDbCancel $ olcDbQuarantine $ olcDbOnErr $ olcDbIDAssertPassThru $ olcDbKeepalive $ olcChainingBehavior $ olcDbEnvFlags $ olcRwmRewrite $ olcRwmTFSupport $ olcRwmMap $ olcSpCheckpoint $ knowledgeInformation $ sn $ serialNumber $ c $ l $ st $ street $ o $ ou $ title $ businessCategory $ postalCode $ postOfficeBox $ physicalDeliveryOfficeName $ telephoneNumber $ destinationIndicator $ givenName $ initials $ generationQualifier $ dnQualifier $ houseIdentifier $ dmdName $ pseudonym $ textEncodedORAddress $ info $ drink $ roomNumber $ userClass $ host $ documentIdentifier $ documentTitle $ documentVersion $ documentLocation $ homePhone $ personalTitle $ mobile $ pager $ co $ uniqueIdentifier $ organizationalStatus $ buildingName $ documentPublisher $ ipServiceProtocol $ nisMapName $ carLicense $ departmentNumber $ displayName $ employeeNumber $ employeeType $ preferredLanguage ) )
5b163643     2.5.13.4 (caseIgnoreSubstringsMatch): matchingRuleUse: ( 2.5.13.4 NAME 'caseIgnoreSubstringsMatch' APPLIES ( serialNumber $ c $ telephoneNumber $ destinationIndicator $ dnQualifier $ homePhone $ mobile $ pager ) )
5b163643     2.5.13.3 (caseIgnoreOrderingMatch): matchingRuleUse: ( 2.5.13.3 NAME 'caseIgnoreOrderingMatch' APPLIES ( supportedSASLMechanisms $ vendorName $ vendorVersion $ ref $ name $ cn $ uid $ labeledURI $ description $ olcConfigFile $ olcConfigDir $ olcAccess $ olcAllows $ olcArgsFile $ olcAttributeOptions $ olcAttributeTypes $ olcAuthIDRewrite $ olcAuthzPolicy $ olcAuthzRegexp $ olcBackend $ olcDatabase $ olcDisallows $ olcDitContentRules $ olcExtraAttrs $ olcInclude $ olcLdapSyntaxes $ olcLimits $ olcLogFile $ olcLogLevel $ olcModuleLoad $ olcModulePath $ olcObjectClasses $ olcObjectIdentifier $ olcOverlay $ olcPasswordCryptSaltFormat $ olcPasswordHash $ olcPidFile $ olcPlugin $ olcPluginLogFile $ olcReferral $ olcReplica $ olcReplicaArgsFile $ olcReplicaPidFile $ olcReplogFile $ olcRequires $ olcRestrict $ olcRootDSE $ olcRootPW $ olcSaslAuxprops $ olcSaslHost $ olcSaslRealm $ olcSaslSecProps $ olcSecurity $ olcServerID $ olcSizeLimit $ olcSortVals $ olcSubordinate $ olcSyncrepl $ olcTCPBuffer $ olcTimeLimit $ olcTLSCACertificateFile $ olcTLSCACertificatePath $ olcTLSCertificateFile $ olcTLSCertificateKeyFile $ olcTLSCipherSuite $ olcTLSCRLCheck $ olcTLSCRLFile $ olcTLSRandFile $ olcTLSVerifyClient $ olcTLSDHParamFile $ olcTLSProtocolMin $ olcUpdateRef $ olcDbDirectory $ olcDbCheckpoint $ olcDbCryptFile $ olcDbPageSize $ olcDbIndex $ olcDbLockDetect $ olcDbMode $ olcDbURI $ olcDbStartTLS $ olcDbACLPasswd $ olcDbACLBind $ olcDbIDAssertPasswd $ olcDbIDAssertBind $ olcDbIDAssertMode $ olcDbIDAssertAuthzFrom $ olcDbTFSupport $ olcDbTimeout $ olcDbIdleTimeout $ olcDbConnTtl $ olcDbNetworkTimeout $ olcDbCancel $ olcDbQuarantine $ olcDbOnErr $ olcDbIDAssertPassThru $ olcDbKeepalive $ olcChainingBehavior $ olcDbEnvFlags $ olcRwmRewrite $ olcRwmTFSupport $ olcRwmMap $ olcSpCheckpoint $ knowledgeInformation $ sn $ serialNumber $ c $ l $ st $ street $ o $ ou $ title $ businessCategory $ postalCode $ postOfficeBox $ physicalDeliveryOfficeName $ telephoneNumber $ destinationIndicator $ givenName $ initials $ generationQualifier $ dnQualifier $ houseIdentifier $ dmdName $ pseudonym $ textEncodedORAddress $ info $ drink $ roomNumber $ userClass $ host $ documentIdentifier $ documentTitle $ documentVersion $ documentLocation $ homePhone $ personalTitle $ mobile $ pager $ co $ uniqueIdentifier $ organizationalStatus $ buildingName $ documentPublisher $ ipServiceProtocol $ nisMapName $ carLicense $ departmentNumber $ displayName $ employeeNumber $ employeeType $ preferredLanguage ) )
5b163643     2.5.13.2 (caseIgnoreMatch): matchingRuleUse: ( 2.5.13.2 NAME 'caseIgnoreMatch' APPLIES ( supportedSASLMechanisms $ vendorName $ vendorVersion $ ref $ name $ cn $ uid $ labeledURI $ description $ olcConfigFile $ olcConfigDir $ olcAccess $ olcAllows $ olcArgsFile $ olcAttributeOptions $ olcAttributeTypes $ olcAuthIDRewrite $ olcAuthzPolicy $ olcAuthzRegexp $ olcBackend $ olcDatabase $ olcDisallows $ olcDitContentRules $ olcExtraAttrs $ olcInclude $ olcLdapSyntaxes $ olcLimits $ olcLogFile $ olcLogLevel $ olcModuleLoad $ olcModulePath $ olcObjectClasses $ olcObjectIdentifier $ olcOverlay $ olcPasswordCryptSaltFormat $ olcPasswordHash $ olcPidFile $ olcPlugin $ olcPluginLogFile $ olcReferral $ olcReplica $ olcReplicaArgsFile $ olcReplicaPidFile $ olcReplogFile $ olcRequires $ olcRestrict $ olcRootDSE $ olcRootPW $ olcSaslAuxprops $ olcSaslHost $ olcSaslRealm $ olcSaslSecProps $ olcSecurity $ olcServerID $ olcSizeLimit $ olcSortVals $ olcSubordinate $ olcSyncrepl $ olcTCPBuffer $ olcTimeLimit $ olcTLSCACertificateFile $ olcTLSCACertificatePath $ olcTLSCertificateFile $ olcTLSCertificateKeyFile $ olcTLSCipherSuite $ olcTLSCRLCheck $ olcTLSCRLFile $ olcTLSRandFile $ olcTLSVerifyClient $ olcTLSDHParamFile $ olcTLSProtocolMin $ olcUpdateRef $ olcDbDirectory $ olcDbCheckpoint $ olcDbCryptFile $ olcDbPageSize $ olcDbIndex $ olcDbLockDetect $ olcDbMode $ olcDbURI $ olcDbStartTLS $ olcDbACLPasswd $ olcDbACLBind $ olcDbIDAssertPasswd $ olcDbIDAssertBind $ olcDbIDAssertMode $ olcDbIDAssertAuthzFrom $ olcDbTFSupport $ olcDbTimeout $ olcDbIdleTimeout $ olcDbConnTtl $ olcDbNetworkTimeout $ olcDbCancel $ olcDbQuarantine $ olcDbOnErr $ olcDbIDAssertPassThru $ olcDbKeepalive $ olcChainingBehavior $ olcDbEnvFlags $ olcRwmRewrite $ olcRwmTFSupport $ olcRwmMap $ olcSpCheckpoint $ knowledgeInformation $ sn $ serialNumber $ c $ l $ st $ street $ o $ ou $ title $ businessCategory $ postalCode $ postOfficeBox $ physicalDeliveryOfficeName $ telephoneNumber $ destinationIndicator $ givenName $ initials $ generationQualifier $ dnQualifier $ houseIdentifier $ dmdName $ pseudonym $ textEncodedORAddress $ info $ drink $ roomNumber $ userClass $ host $ documentIdentifier $ documentTitle $ documentVersion $ documentLocation $ homePhone $ personalTitle $ mobile $ pager $ co $ uniqueIdentifier $ organizationalStatus $ buildingName $ documentPublisher $ ipServiceProtocol $ nisMapName $ carLicense $ departmentNumber $ displayName $ employeeNumber $ employeeType $ preferredLanguage ) )
5b163643     1.2.36.79672281.1.13.3 (rdnMatch):     2.5.13.1 (distinguishedNameMatch): matchingRuleUse: ( 2.5.13.1 NAME 'distinguishedNameMatch' APPLIES ( creatorsName $ modifiersName $ subschemaSubentry $ entryDN $ namingContexts $ aliasedObjectName $ dynamicSubtrees $ distinguishedName $ seeAlso $ olcDefaultSearchBase $ olcRootDN $ olcSchemaDN $ olcSuffix $ olcUpdateDN $ olcDbACLAuthcDn $ olcDbIDAssertAuthcDn $ olcRelay $ member $ owner $ roleOccupant $ manager $ documentAuthor $ secretary $ associatedName $ dITRedirect ) )
5b163643     2.5.13.0 (objectIdentifierMatch): matchingRuleUse: ( 2.5.13.0 NAME 'objectIdentifierMatch' APPLIES ( supportedControl $ supportedExtension $ supportedFeatures $ supportedApplicationContext ) )
5b163643 slapd startup: initiated.
5b163643 backend_startup_one: starting "cn=config"
5b163643 config_back_db_open
5b163643 config_build_entry: "cn=config"
5b163643 config_build_entry: "cn=module{0}"
5b163643 config_build_entry: "cn=schema"
5b163643 >>> dnNormalize: <cn={0}core>
5b163643 <<< dnNormalize: <cn={0}core>
5b163643 config_build_entry: "cn={0}core"
5b163643 >>> dnNormalize: <cn={1}cosine>
5b163643 <<< dnNormalize: <cn={1}cosine>
5b163643 config_build_entry: "cn={1}cosine"
5b163643 >>> dnNormalize: <cn={2}nis>
5b163643 <<< dnNormalize: <cn={2}nis>
5b163643 config_build_entry: "cn={2}nis"
5b163643 >>> dnNormalize: <cn={3}inetorgperson>
5b163643 <<< dnNormalize: <cn={3}inetorgperson>
5b163643 config_build_entry: "cn={3}inetorgperson"
5b163643 config_build_entry: "olcDatabase={-1}frontend"
5b163643 config_build_entry: "olcDatabase={0}config"
5b163643 config_build_entry: "olcDatabase={1}ldap"
5b163643 backend_startup_one: starting "dc=support,dc=local"
5b163643 ldap_back_db_open: URI=ldap://172.16.3.100
5b163643 slapd starting
5b16366b slap_listener_activate(10): 
5b16366b >>> slap_listener(ldaps:///)
5b16366b connection_get(12): got connid=1000
5b16366b connection_read(12): checking for input on id=1000
TLS trace: SSL_accept:before/accept initialization
TLS trace: SSL_accept:SSLv3 read client hello A
TLS trace: SSL_accept:SSLv3 write server hello A
TLS trace: SSL_accept:SSLv3 write certificate A
TLS trace: SSL_accept:SSLv3 write server done A
TLS trace: SSL_accept:SSLv3 flush data
TLS trace: SSL_accept:SSLv3 read client certificate A
TLS trace: SSL_accept:error in SSLv3 read client key exchange A
TLS trace: SSL_accept:error in SSLv3 read client key exchange A
5b16366b connection_get(12): got connid=1000
5b16366b connection_read(12): checking for input on id=1000
TLS trace: SSL_accept:SSLv3 read client key exchange A
TLS trace: SSL_accept:SSLv3 read certificate verify A
TLS trace: SSL_accept:SSLv3 read finished A
TLS trace: SSL_accept:SSLv3 write change cipher spec A
TLS trace: SSL_accept:SSLv3 write finished A
TLS trace: SSL_accept:SSLv3 flush data
5b16366b connection_read(12): unable to get TLS client DN, error=49 id=1000
5b16366b connection_get(12): got connid=1000
5b16366b connection_read(12): checking for input on id=1000
ber_get_next
5b16366b connection_get(12): got connid=1000
5b16366b connection_read(12): checking for input on id=1000
ber_get_next
ber_get_next: tag 0x30 len 67 contents:
5b16366b op tag 0x60, time 1528182379
ber_get_next
5b16366b conn=1000 op=0 do_bind
ber_scanf fmt ({imt) ber:
ber_scanf fmt (m}) ber:
5b16366b >>> dnPrettyNormal: <CN=Mohit Mahajan,CN=Users,DC=support,DC=local>
5b16366b <<< dnPrettyNormal: <cn=Mohit Mahajan,cn=Users,dc=support,dc=local>, <cn=mohit mahajan,cn=users,dc=support,dc=local>
5b16366b do_bind: version=3 dn="cn=Mohit Mahajan,cn=Users,dc=support,dc=local" method=128
5b16366b ***** My pid [14790] thread id [0x3ffff700]*****Detected NO OTP in request. My pid [14790] thread id [0x3ffff700]
5b16366b *****Hook here for Hysecure OTP auth. Credentials are Passwd [accops@123] OTP [] UID [Mohit Mahajan]
5b16366b *****bind failed or request is admin bind. My pid [14790] thread id [0x3ffff700]
ldap_create
ldap_url_parse_ext(ldap://172.16.3.100)
5b16366b =>ldap_back_getconn: conn=1000 op=0: lc=0x7fdf38014bf0 inserted refcnt=1 rc=0
ldap_sasl_bind
ldap_send_initial_request
ldap_new_connection 1 1 0
ldap_int_open_connection
ldap_connect_to_host: TCP 172.16.3.100:389
ldap_new_socket: 13
ldap_prepare_socket: 13
ldap_connect_to_host: Trying 172.16.3.100:389
ldap_pvt_connect: fd: 13 tm: -1 async: 0
attempting to connect: 
connect success
ldap_open_defconn: successful
ldap_send_server_request
ber_scanf fmt ({it) ber:
ber_scanf fmt ({i) ber:
ber_flush2: 69 bytes to sd 13
ldap_result ld 0x7fdf38014570 msgid 1
wait4msg ld 0x7fdf38014570 msgid 1 (timeout 100000 usec)
wait4msg continue ld 0x7fdf38014570 msgid 1 all 1
** ld 0x7fdf38014570 Connections:
* host: 172.16.3.100  port: 389  (default)
  refcnt: 2  status: Connected
  last used: Tue Jun  5 03:06:19 2018


** ld 0x7fdf38014570 Outstanding Requests:
 * msgid 1,  origid 1, status InProgress
   outstanding referrals 0, parent count 0
  ld 0x7fdf38014570 request count 1 (abandoned 0)
** ld 0x7fdf38014570 Response Queue:
   Empty
  ld 0x7fdf38014570 response count 0
ldap_chkResponseList ld 0x7fdf38014570 msgid 1 all 1
ldap_chkResponseList returns ld 0x7fdf38014570 NULL
ldap_int_select
read1msg: ld 0x7fdf38014570 msgid 1 all 1
ber_get_next
ber_get_next: tag 0x30 len 16 contents:
read1msg: ld 0x7fdf38014570 msgid 1 message type bind
ber_scanf fmt ({eAA) ber:
read1msg: ld 0x7fdf38014570 0 new referrals
read1msg:  mark request completed, ld 0x7fdf38014570 msgid 1
request done: ld 0x7fdf38014570 msgid 1
res_errno: 0, res_error: <>, res_matched: <>
ldap_free_request (origid 1, msgid 1)
ldap_parse_result
ber_scanf fmt ({iAA) ber:
ber_scanf fmt (}) ber:
ldap_msgfree
5b16366b do_bind: v3 bind: "cn=Mohit Mahajan,cn=Users,dc=support,dc=local" to "cn=Mohit Mahajan,cn=Users,dc=support,dc=local"
5b16366b send_ldap_result: conn=1000 op=0 p=3
5b16366b send_ldap_response: msgid=1 tag=97 err=0
ber_flush2: 14 bytes to sd 12
5b16366b *****Reply type 0, tag 97, msgid 1*****Reply err 0, matched 0, text 0*****Reply sr_flags 0*****Bind returned 0
5b16366b connection_get(12): got connid=1000
5b16366b connection_read(12): checking for input on id=1000
ber_get_next
5b16366b connection_get(12): got connid=1000
5b16366b connection_read(12): checking for input on id=1000
ber_get_next
ber_get_next: tag 0x30 len 93 contents:
5b16366b op tag 0x63, time 1528182379
ber_get_next
5b16366b conn=1000 op=1 do_search
ber_scanf fmt ({miiiib) ber:
5b16366b >>> dnPrettyNormal: <DC=support,DC=local>
5b16366b <<< dnPrettyNormal: <dc=support,dc=local>, <dc=support,dc=local>
ber_scanf fmt ({mm}) ber:
ber_scanf fmt ({M}}) ber:
5b16366b ==> limits_get: conn=1000 op=1 self="cn=mohit mahajan,cn=users,dc=support,dc=local" this="dc=support,dc=local"
5b16366b =>ldap_back_getconn: conn 0x7fdf38014bf0 fetched refcnt=1.
ldap_search_ext
put_filter: "(?samAccountName=amarjeet.singh)"
put_filter: simple
put_simple_filter: "?samAccountName=amarjeet.singh"
ldap_search_ext
put_filter: "(samAccountName=amarjeet.singh)"
put_filter: simple
put_simple_filter: "samAccountName=amarjeet.singh"
ldap_send_initial_request
ldap_send_server_request
ber_scanf fmt ({it) ber:
ber_scanf fmt ({) ber:
ber_flush2: 97 bytes to sd 13
ldap_result ld 0x7fdf38014570 msgid 3
wait4msg ld 0x7fdf38014570 msgid 3 (timeout 100000 usec)
wait4msg continue ld 0x7fdf38014570 msgid 3 all 0
** ld 0x7fdf38014570 Connections:
* host: 172.16.3.100  port: 389  (default)
  refcnt: 2  status: Connected
  last used: Tue Jun  5 03:06:19 2018


** ld 0x7fdf38014570 Outstanding Requests:
 * msgid 3,  origid 3, status InProgress
   outstanding referrals 0, parent count 0
  ld 0x7fdf38014570 request count 1 (abandoned 0)
** ld 0x7fdf38014570 Response Queue:
   Empty
  ld 0x7fdf38014570 response count 0
ldap_chkResponseList ld 0x7fdf38014570 msgid 3 all 0
ldap_chkResponseList returns ld 0x7fdf38014570 NULL
ldap_int_select
read1msg: ld 0x7fdf38014570 msgid 3 all 0
ber_get_next
ber_get_next: tag 0x30 len 107 contents:
read1msg: ld 0x7fdf38014570 msgid 3 message type search-entry
ber_scanf fmt ({m) ber:
5b16366b >>> dnPrettyNormal: <CN=Amarjeet Singh,CN=Users,DC=support,DC=local>
5b16366b <<< dnPrettyNormal: <cn=Amarjeet Singh,cn=Users,dc=support,dc=local>, <cn=amarjeet singh,cn=users,dc=support,dc=local>
ber_scanf fmt ({m) ber:
5b16366b PROXIED attributeDescription "SAMACCOUNTNAME" inserted.
ber_scanf fmt ([W]) ber:
ber_scanf fmt ({xx) ber:
5b16366b => send_search_entry: conn 1000 dn="cn=Amarjeet Singh,cn=Users,dc=support,dc=local"
ber_flush2: 93 bytes to sd 12
5b16366b <= send_search_entry: conn 1000 exit.
ldap_msgfree
ldap_result ld 0x7fdf38014570 msgid 3
wait4msg ld 0x7fdf38014570 msgid 3 (timeout 100000 usec)
wait4msg continue ld 0x7fdf38014570 msgid 3 all 0
** ld 0x7fdf38014570 Connections:
* host: 172.16.3.100  port: 389  (default)
  refcnt: 2  status: Connected
  last used: Tue Jun  5 03:06:19 2018


** ld 0x7fdf38014570 Outstanding Requests:
 * msgid 3,  origid 3, status InProgress
   outstanding referrals 0, parent count 0
  ld 0x7fdf38014570 request count 1 (abandoned 0)
** ld 0x7fdf38014570 Response Queue:
   Empty
  ld 0x7fdf38014570 response count 0
ldap_chkResponseList ld 0x7fdf38014570 msgid 3 all 0
ldap_chkResponseList returns ld 0x7fdf38014570 NULL
ldap_int_select
read1msg: ld 0x7fdf38014570 msgid 3 all 0
ber_get_next
ber_get_next: tag 0x30 len 84 contents:
read1msg: ld 0x7fdf38014570 msgid 3 message type search-reference
ber_scanf fmt ({v}) ber:
ldap_chase_v3referrals
ldap_url_parse_ext(ldap://ForestDnsZones.support.local/DC=ForestDnsZones,DC=support,DC=local)
re_encode_request: new msgid 4, new dn <DC=ForestDnsZones,DC=support,DC=local>
ber_scanf fmt ({it) ber:
ber_scanf fmt ({me) ber:
ldap_chase_v3referral: msgid 3, url "ldap://ForestDnsZones.support.local/DC=ForestDnsZones,DC=support,DC=local"
ldap_send_server_request
ldap_new_connection 0 1 1
ldap_int_open_connection
ldap_connect_to_host: TCP ForestDnsZones.support.local:389
ldap_connect_to_host: getaddrinfo failed: Name or service not known
ldap_err2string
Unable to chase referral "ldap://ForestDnsZones.support.local/DC=ForestDnsZones,DC=support,DC=local" (-1: Can't contact LDAP server)
ber_scanf fmt ({v) ber:
ber_scanf fmt (}) ber:
ldap_msgfree
5b16366b => send_search_reference: dn="(null)"
ber_flush2: 82 bytes to sd 12
5b16366b <= send_search_reference
ldap_result ld 0x7fdf38014570 msgid 3
wait4msg ld 0x7fdf38014570 msgid 3 (timeout 100000 usec)
wait4msg continue ld 0x7fdf38014570 msgid 3 all 0
** ld 0x7fdf38014570 Connections:
* host: 172.16.3.100  port: 389  (default)
  refcnt: 2  status: Connected
  last used: Tue Jun  5 03:06:19 2018


** ld 0x7fdf38014570 Outstanding Requests:
 * msgid 3,  origid 3, status InProgress
   outstanding referrals 0, parent count 0
  ld 0x7fdf38014570 request count 1 (abandoned 0)
** ld 0x7fdf38014570 Response Queue:
   Empty
  ld 0x7fdf38014570 response count 0
ldap_chkResponseList ld 0x7fdf38014570 msgid 3 all 0
ldap_chkResponseList returns ld 0x7fdf38014570 NULL
ldap_int_select
read1msg: ld 0x7fdf38014570 msgid 3 all 0
ber_get_next
ber_get_next: tag 0x30 len 84 contents:
read1msg: ld 0x7fdf38014570 msgid 3 message type search-reference
ber_scanf fmt ({v}) ber:
ldap_chase_v3referrals
ldap_url_parse_ext(ldap://DomainDnsZones.support.local/DC=DomainDnsZones,DC=support,DC=local)
re_encode_request: new msgid 5, new dn <DC=DomainDnsZones,DC=support,DC=local>
ber_scanf fmt ({it) ber:
ber_scanf fmt ({me) ber:
ldap_chase_v3referral: msgid 3, url "ldap://DomainDnsZones.support.local/DC=DomainDnsZones,DC=support,DC=local"
ldap_send_server_request
ldap_new_connection 0 1 1
ldap_int_open_connection
ldap_connect_to_host: TCP DomainDnsZones.support.local:389
ldap_connect_to_host: getaddrinfo failed: Name or service not known
ldap_err2string
Unable to chase referral "ldap://DomainDnsZones.support.local/DC=DomainDnsZones,DC=support,DC=local" (-1: Can't contact LDAP server)
ber_scanf fmt ({v) ber:
ber_scanf fmt (}) ber:
ldap_msgfree
5b16366b => send_search_reference: dn="(null)"
ber_flush2: 82 bytes to sd 12
5b16366b <= send_search_reference
ldap_result ld 0x7fdf38014570 msgid 3
wait4msg ld 0x7fdf38014570 msgid 3 (timeout 100000 usec)
wait4msg continue ld 0x7fdf38014570 msgid 3 all 0
** ld 0x7fdf38014570 Connections:
* host: 172.16.3.100  port: 389  (default)
  refcnt: 2  status: Connected
  last used: Tue Jun  5 03:06:19 2018


** ld 0x7fdf38014570 Outstanding Requests:
 * msgid 3,  origid 3, status InProgress
   outstanding referrals 0, parent count 0
  ld 0x7fdf38014570 request count 1 (abandoned 0)
** ld 0x7fdf38014570 Response Queue:
   Empty
  ld 0x7fdf38014570 response count 0
ldap_chkResponseList ld 0x7fdf38014570 msgid 3 all 0
ldap_chkResponseList returns ld 0x7fdf38014570 NULL
ldap_int_select
read1msg: ld 0x7fdf38014570 msgid 3 all 0
ber_get_next
ber_get_next: tag 0x30 len 68 contents:
read1msg: ld 0x7fdf38014570 msgid 3 message type search-reference
ber_scanf fmt ({v}) ber:
ldap_chase_v3referrals
ldap_url_parse_ext(ldap://support.local/CN=Configuration,DC=support,DC=local)
re_encode_request: new msgid 6, new dn <CN=Configuration,DC=support,DC=local>
ber_scanf fmt ({it) ber:
ber_scanf fmt ({me) ber:
ldap_chase_v3referral: msgid 3, url "ldap://support.local/CN=Configuration,DC=support,DC=local"
ldap_send_server_request
ldap_new_connection 0 1 1
ldap_int_open_connection
ldap_connect_to_host: TCP support.local:389
ldap_new_socket: 14
ldap_prepare_socket: 14
ldap_connect_to_host: Trying 172.16.3.100:389
ldap_pvt_connect: fd: 14 tm: -1 async: 0
attempting to connect: 
connect success
Call application rebind_proc
ldap_sasl_bind_s
ldap_sasl_bind
ldap_send_initial_request
ldap_send_server_request
ber_scanf fmt ({it) ber:
ber_scanf fmt ({i) ber:
ber_flush2: 69 bytes to sd 14
ldap_result ld 0x7fdf38014570 msgid 7
wait4msg ld 0x7fdf38014570 msgid 7 (infinite timeout)
wait4msg continue ld 0x7fdf38014570 msgid 7 all 1
** ld 0x7fdf38014570 Connections:
* host: support.local  port: 0
  refcnt: 2  status: Connected
  last used: Tue Jun  5 03:06:19 2018
  rebind in progress
    queue is empty

* host: 172.16.3.100  port: 389  (default)
  refcnt: 3  status: Connected
  last used: Tue Jun  5 03:06:19 2018


** ld 0x7fdf38014570 Outstanding Requests:
 * msgid 7,  origid 7, status InProgress
   outstanding referrals 0, parent count 0
 * msgid 3,  origid 3, status InProgress
   outstanding referrals 1, parent count 0
  ld 0x7fdf38014570 request count 2 (abandoned 0)
** ld 0x7fdf38014570 Response Queue:
   Empty
  ld 0x7fdf38014570 response count 0
ldap_chkResponseList ld 0x7fdf38014570 msgid 7 all 1
ldap_chkResponseList returns ld 0x7fdf38014570 NULL
ldap_int_select
read1msg: ld 0x7fdf38014570 msgid 7 all 1
ber_get_next
ber_get_next: tag 0x30 len 16 contents:
read1msg: ld 0x7fdf38014570 msgid 3 message type search-result
ber_scanf fmt ({eAA) ber:
read1msg: ld 0x7fdf38014570 0 new referrals
read1msg:  mark request completed, ld 0x7fdf38014570 msgid 3
wait4msg continue ld 0x7fdf38014570 msgid 7 all 1
** ld 0x7fdf38014570 Connections:
* host: support.local  port: 0
  refcnt: 2  status: Connected
  last used: Tue Jun  5 03:06:19 2018
  rebind in progress
    queue is empty

* host: 172.16.3.100  port: 389  (default)
  refcnt: 2  status: Connected
  last used: Tue Jun  5 03:06:19 2018


** ld 0x7fdf38014570 Outstanding Requests:
 * msgid 7,  origid 7, status InProgress
   outstanding referrals 0, parent count 0
 * msgid 3,  origid 3, status RequestCompleted
   outstanding referrals 1, parent count 0
  ld 0x7fdf38014570 request count 2 (abandoned 0)
** ld 0x7fdf38014570 Response Queue:
   Empty
  ld 0x7fdf38014570 response count 0
ldap_chkResponseList ld 0x7fdf38014570 msgid 7 all 1
ldap_chkResponseList returns ld 0x7fdf38014570 NULL
ldap_int_select
read1msg: ld 0x7fdf38014570 msgid 7 all 1
ber_get_next
ber_get_next: tag 0x30 len 16 contents:
read1msg: ld 0x7fdf38014570 msgid 7 message type bind
ber_scanf fmt ({eAA) ber:
read1msg: ld 0x7fdf38014570 0 new referrals
read1msg:  mark request completed, ld 0x7fdf38014570 msgid 7
request done: ld 0x7fdf38014570 msgid 7
res_errno: 0, res_error: <>, res_matched: <>
ldap_free_request (origid 7, msgid 7)
ldap_parse_result
ber_scanf fmt ({iAA) ber:
ber_scanf fmt (}) ber:
ldap_msgfree
ber_scanf fmt ({it) ber:
ber_scanf fmt ({) ber:
ber_flush2: 114 bytes to sd 14
ber_scanf fmt ({v) ber:
ber_scanf fmt (}) ber:
ldap_msgfree
5b16366b => send_search_reference: dn="(null)"
ber_flush2: 66 bytes to sd 12
5b16366b <= send_search_reference
ldap_result ld 0x7fdf38014570 msgid 3
wait4msg ld 0x7fdf38014570 msgid 3 (timeout 100000 usec)
wait4msg continue ld 0x7fdf38014570 msgid 3 all 0
** ld 0x7fdf38014570 Connections:
* host: support.local  port: 0
  refcnt: 1  status: Connected
  last used: Tue Jun  5 03:06:19 2018


* host: 172.16.3.100  port: 389  (default)
  refcnt: 1  status: Connected
  last used: Tue Jun  5 03:06:19 2018


** ld 0x7fdf38014570 Outstanding Requests:
 * msgid 6,  origid 3, status InProgress
   outstanding referrals 0, parent count 1
 * msgid 3,  origid 3, status RequestCompleted
   outstanding referrals 1, parent count 1
  ld 0x7fdf38014570 request count 2 (abandoned 0)
** ld 0x7fdf38014570 Response Queue:
   Empty
  ld 0x7fdf38014570 response count 0
ldap_chkResponseList ld 0x7fdf38014570 msgid 3 all 0
ldap_chkResponseList returns ld 0x7fdf38014570 NULL
ldap_int_select
read1msg: ld 0x7fdf38014570 msgid 3 all 0
ber_get_next
ber_get_next: tag 0x30 len 78 contents:
read1msg: ld 0x7fdf38014570 msgid 6 message type search-reference
ber_scanf fmt ({v}) ber:
ldap_chase_v3referrals
ldap_url_parse_ext(ldap://support.local/CN=Schema,CN=Configuration,DC=support,DC=local)
re_encode_request: new msgid 8, new dn <CN=Schema,CN=Configuration,DC=support,DC=local>
ber_scanf fmt ({it) ber:
ber_scanf fmt ({me) ber:
ldap_chase_v3referral: msgid 6, url "ldap://support.local/CN=Schema,CN=Configuration,DC=support,DC=local"
ldap_send_server_request
ber_scanf fmt ({it) ber:
ber_scanf fmt ({) ber:
ber_flush2: 124 bytes to sd 14
read1msg:  search ref chased, mark request chasing refs, id = 6
ber_scanf fmt ({v) ber:
ber_scanf fmt (}) ber:
ldap_msgfree
5b16366b => send_search_reference: dn="(null)"
ber_flush2: 76 bytes to sd 12
5b16366b <= send_search_reference
ldap_result ld 0x7fdf38014570 msgid 3
wait4msg ld 0x7fdf38014570 msgid 3 (timeout 100000 usec)
wait4msg continue ld 0x7fdf38014570 msgid 3 all 0
** ld 0x7fdf38014570 Connections:
* host: support.local  port: 0
  refcnt: 2  status: Connected
  last used: Tue Jun  5 03:06:19 2018


* host: 172.16.3.100  port: 389  (default)
  refcnt: 1  status: Connected
  last used: Tue Jun  5 03:06:19 2018


** ld 0x7fdf38014570 Outstanding Requests:
 * msgid 8,  origid 3, status InProgress
   outstanding referrals 0, parent count 2
 * msgid 6,  origid 3, status ChasingRefs
   outstanding referrals 0, parent count 1
 * msgid 3,  origid 3, status RequestCompleted
   outstanding referrals 2, parent count 2
  ld 0x7fdf38014570 request count 3 (abandoned 0)
** ld 0x7fdf38014570 Response Queue:
   Empty
  ld 0x7fdf38014570 response count 0
ldap_chkResponseList ld 0x7fdf38014570 msgid 3 all 0
ldap_chkResponseList returns ld 0x7fdf38014570 NULL
ldap_int_select
read1msg: ld 0x7fdf38014570 msgid 3 all 0
ber_get_next
ber_get_next: tag 0x30 len 16 contents:
read1msg: ld 0x7fdf38014570 msgid 6 message type search-result
ber_scanf fmt ({eAA) ber:
read1msg: ld 0x7fdf38014570 0 new referrals
read1msg:  mark request completed, ld 0x7fdf38014570 msgid 6
merged parent (id 3) error info:  result errno 0, error <>, matched <>
wait4msg ld 0x7fdf38014570 0 s 99820 us to go
wait4msg continue ld 0x7fdf38014570 msgid 3 all 0
** ld 0x7fdf38014570 Connections:
* host: support.local  port: 0
  refcnt: 1  status: Connected
  last used: Tue Jun  5 03:06:19 2018


* host: 172.16.3.100  port: 389  (default)
  refcnt: 1  status: Connected
  last used: Tue Jun  5 03:06:19 2018


** ld 0x7fdf38014570 Outstanding Requests:
 * msgid 8,  origid 3, status InProgress
   outstanding referrals 0, parent count 2
 * msgid 6,  origid 3, status RequestCompleted
   outstanding referrals 0, parent count 1
 * msgid 3,  origid 3, status RequestCompleted
   outstanding referrals 1, parent count 2
  ld 0x7fdf38014570 request count 3 (abandoned 0)
** ld 0x7fdf38014570 Response Queue:
   Empty
  ld 0x7fdf38014570 response count 0
ldap_chkResponseList ld 0x7fdf38014570 msgid 3 all 0
ldap_chkResponseList returns ld 0x7fdf38014570 NULL
ldap_int_select
read1msg: ld 0x7fdf38014570 msgid 3 all 0
ber_get_next
ber_get_next: tag 0x30 len 16 contents:
read1msg: ld 0x7fdf38014570 msgid 8 message type search-result
ber_scanf fmt ({eAA) ber:
read1msg: ld 0x7fdf38014570 0 new referrals
read1msg:  mark request completed, ld 0x7fdf38014570 msgid 8
merged parent (id 3) error info:  result errno 0, error <>, matched <>
request done: ld 0x7fdf38014570 msgid 3
res_errno: 0, res_error: <>, res_matched: <>
ldap_free_request (origid 3, msgid 3)
ldap_free_request (origid 3, msgid 8)
ldap_free_request (origid 3, msgid 6)
ldap_free_connection 0 1
ldap_send_unbind
ber_flush2: 7 bytes to sd 14
ldap_free_connection: actually freed
ldap_parse_result
ber_scanf fmt ({iAA) ber:
ber_scanf fmt (}) ber:
ldap_msgfree
5b16366b send_ldap_result: conn=1000 op=1 p=3
5b16366b send_ldap_response: msgid=2 tag=101 err=0
ber_flush2: 14 bytes to sd 12
5b16366b connection_get(12): got connid=1000
5b16366b connection_read(12): checking for input on id=1000
ber_get_next
5b16366b connection_get(12): got connid=1000
5b16366b connection_read(12): checking for input on id=1000
ber_get_next
ber_get_next: tag 0x30 len 75 contents:
5b16366b op tag 0x60, time 1528182379
ber_get_next
5b16366b conn=1000 op=2 do_bind
ber_scanf fmt ({imt) ber:
ber_scanf fmt (m}) ber:
5b16366b >>> dnPrettyNormal: <cn=Amarjeet Singh,cn=Users,dc=support,dc=local>
5b16366b <<< dnPrettyNormal: <cn=Amarjeet Singh,cn=Users,dc=support,dc=local>, <cn=amarjeet singh,cn=users,dc=support,dc=local>
5b16366b do_bind: version=3 dn="cn=Amarjeet Singh,cn=Users,dc=support,dc=local" method=128
5b16366b ***** My pid [14790] thread id [0x3ffff700]*****Hook here for Hysecure OTP auth. Credentials are Passwd [accops@123] OTP [123456] UID [Amarjeet Singh]
5b16366b *****Hysecure OTP auth: Going for OTP validation of user:  Credentials are Passwd [accops@123] OTP [123456] UID [Amarjeet Singh]
5b16366b *****do_otpauth failed. My pid [14790] thread id [0x3ffff700]
5b16366b *****Reply type 0, tag 0, msgid 0*****Reply err 49, matched 0, text 0*****Reply sr_flags 0*****Bind returned 49
5b1636d2 daemon: shutdown requested and initiated.
5b1636d2 connection_close: conn=1000 sd=12
5b1636d2 =>ldap_back_conn_destroy: fetching conn 1000
5b1636d2 =>ldap_back_conn_destroy: destroying conn 1000 refcnt=0 flags=0x00000101
ldap_free_connection 1 1
ldap_send_unbind
ber_flush2: 7 bytes to sd 13
ldap_free_connection: actually freed
TLS trace: SSL3 alert write:warning:close notify
5b1636d2 slapd shutdown: waiting for 0 operations/tasks to finish
5b1636d2 slapd shutdown: initiated
5b1636d2 slapd destroy: freeing system resources.
5b1636d2 slapd stopped.
